{"level":"info","msg":"This log is written to a file","time":"2025-03-24T22:29:21+08:00"}
{"level":"info","msg":"loginByPwdReq:{jiaokang a@11111}","time":"2025-03-24T22:29:57+08:00"}
{"level":"info","msg":"This log is written to a file","time":"2025-03-24T22:51:10+08:00"}
{"level":"info","msg":"loginByPwdReq:\u0026{jiaokang a@11111}","time":"2025-03-24T22:51:13+08:00"}
{"level":"error","msg":"loginByPwd failed, err:Error 1054 (42S22): Unknown column 'username' in 'where clause'","time":"2025-03-24T22:51:13+08:00"}
{"level":"error","msg":"loginByPwd failed, err:password is invalid","time":"2025-03-24T22:51:13+08:00"}
{"level":"info","msg":"This log is written to a file","time":"2025-03-24T22:52:09+08:00"}
{"level":"info","msg":"loginByPwdReq:\u0026{jiaokang a@11111}","time":"2025-03-24T22:52:12+08:00"}
{"level":"error","msg":"loginByPwd failed, err:Error 1054 (42S22): Unknown column 'username' in 'where clause'","time":"2025-03-24T22:52:12+08:00"}
{"level":"error","msg":"loginByPwd failed, err:password is invalid","time":"2025-03-24T22:52:12+08:00"}
{"level":"info","msg":"loginByPwdReq:\u0026{jiaokang a@11111}","time":"2025-03-24T22:52:57+08:00"}
{"level":"error","msg":"loginByPwd failed, err:Error 1054 (42S22): Unknown column 'username' in 'where clause'","time":"2025-03-24T22:52:57+08:00"}
{"level":"error","msg":"loginByPwd failed, err:password is invalid","time":"2025-03-24T22:52:57+08:00"}
{"level":"info","msg":"loginByPwdReq:\u0026{jiaokang a@11111}","time":"2025-03-24T22:52:58+08:00"}
{"level":"error","msg":"loginByPwd failed, err:Error 1054 (42S22): Unknown column 'username' in 'where clause'","time":"2025-03-24T22:52:58+08:00"}
{"level":"error","msg":"loginByPwd failed, err:password is invalid","time":"2025-03-24T22:52:58+08:00"}
{"level":"info","msg":"This log is written to a file","time":"2025-03-24T23:21:30+08:00"}
{"level":"info","msg":"loginByPwdReq:\u0026{jk a@11111}","time":"2025-03-24T23:21:34+08:00"}
{"level":"error","msg":"loginByPwd failed, err:Error 1054 (42S22): Unknown column 'username' in 'where clause'","time":"2025-03-24T23:21:34+08:00"}
{"level":"error","msg":"loginByPwd failed, err:user is not exist","time":"2025-03-24T23:21:34+08:00"}
{"level":"info","msg":"This log is written to a file","time":"2025-03-24T23:23:20+08:00"}
{"level":"info","msg":"loginByPwdReq:\u0026{jk a@11111}","time":"2025-03-24T23:23:23+08:00"}
{"level":"error","msg":"loginByPwd failed, err:password is invalid","time":"2025-03-24T23:23:23+08:00"}
{"level":"info","msg":"This log is written to a file","time":"2025-03-24T23:24:28+08:00"}
{"level":"info","msg":"loginByPwdReq:\u0026{jk a@111111}","time":"2025-03-24T23:24:35+08:00"}
